<?xml version="1.0" encoding="UTF-8"?>
<!-- Generated by org.testng.reporters.JUnitReportReporter -->
<testsuite hostname="Memory" failures="0" tests="1" name="Files.SumValidation" time="2.574" errors="0" timestamp="2022-09-05T19:00:11 CEST" skipped="0">
  <testcase classname="Files.SumValidation" name="sumValidation" time="2.574"/>
  <system-out/>
</testsuite> <!-- Files.SumValidation -->
